[0.016s] Invoking command in '/home/uadmin/learning/learn4/learn4_topics_ws/build/status_display': CMAKE_PREFIX_PATH=/opt/ros/humble /usr/bin/cmake --build /home/uadmin/learning/learn4/learn4_topics_ws/build/status_display -- -j2 -l2
[0.139s] [ 50%] [32mBuilding CXX object CMakeFiles/qt_hello.dir/src/qt_hello.cpp.o[0m
[1.461s] [01m[K/home/uadmin/learning/learn4/learn4_topics_ws/src/status_display/src/qt_hello.cpp:[m[K In function â€˜[01m[Kint main(int, char**)[m[Kâ€™:
[1.461s] [01m[K/home/uadmin/learning/learn4/learn4_topics_ws/src/status_display/src/qt_hello.cpp:12:9:[m[K [01;31m[Kerror: [m[Kâ€˜[01m[Kclass QApplication[m[Kâ€™ has no member named â€˜[01m[Kexecu[m[Kâ€™; did you mean â€˜[01m[Kexec[m[Kâ€™?
[1.461s]    12 |     app.[01;31m[Kexecu[m[K();
[1.461s]       |         [01;31m[K^~~~~[m[K
[1.461s]       |         [32m[Kexec[m[K
[1.585s] gmake[2]: *** [CMakeFiles/qt_hello.dir/build.make:76ï¼šCMakeFiles/qt_hello.dir/src/qt_hello.cpp.o] é”™è¯¯ 1
[1.585s] gmake[1]: *** [CMakeFiles/Makefile2:137ï¼šCMakeFiles/qt_hello.dir/all] é”™è¯¯ 2
[1.585s] gmake: *** [Makefile:146ï¼šall] é”™è¯¯ 2
[1.589s] Invoked command in '/home/uadmin/learning/learn4/learn4_topics_ws/build/status_display' returned '2': CMAKE_PREFIX_PATH=/opt/ros/humble /usr/bin/cmake --build /home/uadmin/learning/learn4/learn4_topics_ws/build/status_display -- -j2 -l2
