[0.015s] Invoking command in '/home/uadmin/learning/learn4/learn4_topics_ws/build/status_display': CMAKE_PREFIX_PATH=/opt/ros/humble /usr/bin/cmake /home/uadmin/learning/learn4/learn4_topics_ws/src/status_display -DCMAKE_INSTALL_PREFIX=/home/uadmin/learning/learn4/learn4_topics_ws/install/status_display
[0.264s] -- The C compiler identification is GNU 11.4.0
[0.409s] -- The CXX compiler identification is GNU 11.4.0
[0.457s] -- Detecting C compiler ABI info
[0.590s] -- Detecting C compiler ABI info - done
[0.600s] -- Check for working C compiler: /usr/bin/cc - skipped
[0.601s] -- Detecting C compile features
[0.601s] -- Detecting C compile features - done
[0.616s] -- Detecting CXX compiler ABI info
[0.721s] -- Detecting CXX compiler ABI info - done
[0.738s] -- Check for working CXX compiler: /usr/bin/c++ - skipped
[0.738s] -- Detecting CXX compile features
[0.738s] -- Detecting CXX compile features - done
[0.742s] -- Found ament_cmake: 1.3.11 (/opt/ros/humble/share/ament_cmake/cmake)
[0.908s] -- Found Python3: /usr/bin/python3 (found version "3.10.12") found components: Interpreter 
[1.136s] -- Found ament_lint_auto: 0.12.12 (/opt/ros/humble/share/ament_lint_auto/cmake)
[1.229s] -- Added test 'cppcheck' to perform static code analysis on C / C++ code
[1.229s] -- Configured cppcheck include dirs: 
[1.229s] -- Configured cppcheck exclude dirs and/or files: 
[1.234s] -- Added test 'lint_cmake' to check CMake code style
[1.238s] -- Added test 'uncrustify' to check C / C++ code style
[1.238s] -- Configured uncrustify additional arguments: 
[1.240s] -- Added test 'xmllint' to check XML markup files
[1.248s] -- Configuring done
[1.260s] -- Generating done
[1.265s] -- Build files have been written to: /home/uadmin/learning/learn4/learn4_topics_ws/build/status_display
[1.298s] Invoked command in '/home/uadmin/learning/learn4/learn4_topics_ws/build/status_display' returned '0': CMAKE_PREFIX_PATH=/opt/ros/humble /usr/bin/cmake /home/uadmin/learning/learn4/learn4_topics_ws/src/status_display -DCMAKE_INSTALL_PREFIX=/home/uadmin/learning/learn4/learn4_topics_ws/install/status_display
[1.298s] Invoking command in '/home/uadmin/learning/learn4/learn4_topics_ws/build/status_display': CMAKE_PREFIX_PATH=/opt/ros/humble /usr/bin/cmake --build /home/uadmin/learning/learn4/learn4_topics_ws/build/status_display -- -j2 -l2
[1.398s] [ 50%] [32mBuilding CXX object CMakeFiles/qt_hello.dir/src/qt_hello.cpp.o[0m
[1.643s] [01m[K/home/uadmin/learning/learn4/learn4_topics_ws/src/status_display/src/qt_hello.cpp:2:10:[m[K [01;31m[Kfatal error: [m[KQLable: æ²¡æœ‰é‚£ä¸ªæ–‡ä»¶æˆ–ç›®å½•
[1.644s]     2 | #include [01;31m[K<QLable>[m[K
[1.644s]       |          [01;31m[K^~~~~~~~[m[K
[1.644s] compilation terminated.
[1.648s] gmake[2]: *** [CMakeFiles/qt_hello.dir/build.make:76ï¼šCMakeFiles/qt_hello.dir/src/qt_hello.cpp.o] é”™è¯¯ 1
[1.648s] gmake[1]: *** [CMakeFiles/Makefile2:137ï¼šCMakeFiles/qt_hello.dir/all] é”™è¯¯ 2
[1.651s] gmake: *** [Makefile:146ï¼šall] é”™è¯¯ 2
[1.651s] Invoked command in '/home/uadmin/learning/learn4/learn4_topics_ws/build/status_display' returned '2': CMAKE_PREFIX_PATH=/opt/ros/humble /usr/bin/cmake --build /home/uadmin/learning/learn4/learn4_topics_ws/build/status_display -- -j2 -l2
